-------------------------------------------------------------------------------
Test set: org.example.CalcTest
-------------------------------------------------------------------------------
Tests run: 2, Failures: 1, Errors: 0, Skipped: 0, Time elapsed: 0.03 s <<< FAILURE! - in org.example.CalcTest
testSubtraction  Time elapsed: 0.008 s  <<< FAILURE!
org.opentest4j.AssertionFailedError: expected: <2> but was: <8>
	at org.example.CalcTest.testSubtraction(CalcTest.java:14)

